<?xml version="1.0" encoding="UTF-8"?>
<testsuite name="alphabet.cipher.AlphabetCipherTest" tests="5" skipped="0" failures="0" errors="0" timestamp="2025-01-07T10:53:38" hostname="Gunui-MacBookPro.local" time="0.02">
  <properties/>
  <testcase name="testEncrypt()" classname="alphabet.cipher.AlphabetCipherTest" time="0.011"/>
  <testcase name="createCipherTable()" classname="alphabet.cipher.AlphabetCipherTest" time="0.001"/>
  <testcase name="testRepeatedKeyword()" classname="alphabet.cipher.AlphabetCipherTest" time="0.001"/>
  <testcase name="testDecrypt()" classname="alphabet.cipher.AlphabetCipherTest" time="0.0"/>
  <testcase name="testEgeCase()" classname="alphabet.cipher.AlphabetCipherTest" time="0.003"/>
  <system-out><![CDATA[]]></system-out>
  <system-err><![CDATA[]]></system-err>
</testsuite>
